============================= test session starts ==============================
platform darwin -- Python 3.12.9, pytest-8.3.5, pluggy-1.5.0
rootdir: /Users/ps/Desktop/All/VIT/Projects/Osdag/bolted_lap_joint_test
plugins: cov-6.1.1
collected 511 items

tests/test_lap_joint.py ................................................ [  9%]
........................................................................ [ 23%]
........................................................................ [ 37%]
........................................................................ [ 51%]
........................................................................ [ 65%]
........................................................................ [ 79%]
........................................................................ [ 93%]
...............................                                          [100%]

================================ tests coverage ================================
_______________ coverage: platform darwin, python 3.12.9-final-0 _______________

Name                             Stmts   Miss  Cover
----------------------------------------------------
src/bolted_lap_joint_design.py      80      7    91%
src/cli.py                          39     39     0%
----------------------------------------------------
TOTAL                              119     46    61%
============================= 511 passed in 1.00s ==============================
